<?xml version="1.0" encoding="UTF-8"?>
<!-- Generated by org.testng.reporters.JUnitXMLReporter -->
<testsuite ignored="2" hostname="LAPTOP-UV44QAU3" failures="0" tests="13" name="Run on CHROME" time="44.39" errors="0" timestamp="28 Oct 2021 04:24:09 GMT">
  <testcase classname="com.nopcommerce.user.User_01_Register" name="Register_01_Empty_Data" time="0.406"/>
  <testcase classname="com.nopcommerce.user.User_01_Register" name="Register_02_Invalid_Email" time="2.317"/>
  <testcase classname="com.nopcommerce.user.User_01_Register" name="Register_03_Valid_Email" time="4.321"/>
  <testcase classname="com.nopcommerce.user.User_01_Register" name="Register_04_Registered_Email" time="3.43"/>
  <testcase classname="com.nopcommerce.user.User_01_Register" name="Register_05_Invalid_Password" time="1.523"/>
  <testcase classname="com.nopcommerce.user.User_01_Register" name="Register_06_Invalid_Confirm_Password" time="1.5"/>
  <testcase classname="com.nopcommerce.user.User_02_Login" name="Login_01_Empty_Data" time="0.136"/>
  <testcase classname="com.nopcommerce.user.User_02_Login" name="Login_02_Invalid_Email" time="0.7"/>
  <testcase classname="com.nopcommerce.user.User_02_Login" name="Login_03_Not_Registered_Email" time="2.606"/>
  <testcase classname="com.nopcommerce.user.User_02_Login" name="Login_04_Registered_Email_And_Empty_Password" time="1.735"/>
  <testcase classname="com.nopcommerce.user.User_02_Login" name="Login_05_Registered_Email_And_Error_Password" time="1.806"/>
  <testcase classname="com.nopcommerce.user.User_02_Login" name="Login_06_Registered_Email_And_Valid_Password" time="2.38"/>
  <testcase classname="com.nopcommerce.user.User_03_My_Account" name="My_Account_01_Customer_Info" time="3.892"/>
  <testcase classname="commons.BaseTest" name="@BeforeTest deleteAllFilesInReportNGScreenshot" time="0.0">
    <ignored/>
  </testcase> <!-- @BeforeTest deleteAllFilesInReportNGScreenshot -->
  <testcase classname="commons.BaseTest" name="@BeforeTest deleteAllFilesInReportNGScreenshot" time="0.0">
    <ignored/>
  </testcase> <!-- @BeforeTest deleteAllFilesInReportNGScreenshot -->
</testsuite> <!-- Run on CHROME -->
