<?xml version="1.0" encoding="UTF-8"?>
<testsuite name="Run on CHROME"
           tests="6"
           failures="0"
           errors="0"
           skipped="0"
           time="13.497">
  <properties />
  
  
            <testcase name="Register_02_Invalid_Email" time="2.317" classname="com.nopcommerce.user.User_01_Register" />
                <testcase name="Register_01_Empty_Data" time="0.406" classname="com.nopcommerce.user.User_01_Register" />
                <testcase name="Register_05_Invalid_Password" time="1.523" classname="com.nopcommerce.user.User_01_Register" />
                <testcase name="Register_06_Invalid_Confirm_Password" time="1.500" classname="com.nopcommerce.user.User_01_Register" />
                <testcase name="Register_04_Registered_Email" time="3.430" classname="com.nopcommerce.user.User_01_Register" />
                <testcase name="Register_03_Valid_Email" time="4.321" classname="com.nopcommerce.user.User_01_Register" />
      
</testsuite>
