<?xml version="1.0" encoding="UTF-8"?>
<testsuite name="Run on CHROME"
           tests="6"
           failures="0"
           errors="0"
           skipped="0"
           time="9.363">
  <properties />
  
  
            <testcase name="Login_06_Registered_Email_And_Valid_Password" time="2.380" classname="com.nopcommerce.user.User_02_Login" />
                <testcase name="Login_05_Registered_Email_And_Error_Password" time="1.806" classname="com.nopcommerce.user.User_02_Login" />
                <testcase name="Login_01_Empty_Data" time="0.136" classname="com.nopcommerce.user.User_02_Login" />
                <testcase name="Login_03_Not_Registered_Email" time="2.606" classname="com.nopcommerce.user.User_02_Login" />
                <testcase name="Login_04_Registered_Email_And_Empty_Password" time="1.735" classname="com.nopcommerce.user.User_02_Login" />
                <testcase name="Login_02_Invalid_Email" time="0.700" classname="com.nopcommerce.user.User_02_Login" />
      
</testsuite>
