<?xml version="1.0" encoding="UTF-8"?>
<testng-results ignored="2" total="15" passed="13" failed="0" skipped="0">
  <reporter-output>
  </reporter-output>
  <suite started-at="2021-10-28T04:23:25Z" name="nopcommerce" finished-at="2021-10-28T04:24:09Z" duration-ms="44390">
    <groups>
    </groups>
    <test started-at="2021-10-28T04:23:25Z" name="Run on CHROME" finished-at="2021-10-28T04:24:09Z" duration-ms="44390">
      <class name="com.nopcommerce.user.User_01_Register">
        <test-method is-config="true" signature="deleteAllFilesInReportNGScreenshot()[pri:0, instance:com.nopcommerce.user.User_01_Register@fca387]" started-at="2021-10-28T04:23:25Z" name="deleteAllFilesInReportNGScreenshot" finished-at="2021-10-28T04:23:25Z" duration-ms="36" status="PASS">
          <reporter-output>
          </reporter-output>
        </test-method> <!-- deleteAllFilesInReportNGScreenshot -->
        <test-method is-config="true" signature="beforeClass(java.lang.String, java.lang.String)[pri:0, instance:com.nopcommerce.user.User_01_Register@fca387]" started-at="2021-10-28T04:23:25Z" name="beforeClass" finished-at="2021-10-28T04:23:31Z" duration-ms="6319" status="PASS">
          <params>
            <param index="0">
              <value>
                <![CDATA[chrome]]>
              </value>
            </param>
            <param index="1">
              <value>
                <![CDATA[https://demo.nopcommerce.com]]>
              </value>
            </param>
          </params>
          <reporter-output>
          </reporter-output>
        </test-method> <!-- beforeClass -->
        <test-method signature="Register_01_Empty_Data()[pri:0, instance:com.nopcommerce.user.User_01_Register@fca387]" started-at="2021-10-28T04:23:31Z" name="Register_01_Empty_Data" finished-at="2021-10-28T04:23:32Z" duration-ms="406" status="PASS">
          <reporter-output>
          </reporter-output>
        </test-method> <!-- Register_01_Empty_Data -->
        <test-method signature="Register_02_Invalid_Email()[pri:0, instance:com.nopcommerce.user.User_01_Register@fca387]" started-at="2021-10-28T04:23:32Z" name="Register_02_Invalid_Email" finished-at="2021-10-28T04:23:34Z" duration-ms="2317" status="PASS">
          <reporter-output>
          </reporter-output>
        </test-method> <!-- Register_02_Invalid_Email -->
        <test-method signature="Register_03_Valid_Email()[pri:0, instance:com.nopcommerce.user.User_01_Register@fca387]" started-at="2021-10-28T04:23:34Z" name="Register_03_Valid_Email" finished-at="2021-10-28T04:23:39Z" duration-ms="4321" status="PASS">
          <reporter-output>
          </reporter-output>
        </test-method> <!-- Register_03_Valid_Email -->
        <test-method signature="Register_04_Registered_Email()[pri:0, instance:com.nopcommerce.user.User_01_Register@fca387]" started-at="2021-10-28T04:23:39Z" name="Register_04_Registered_Email" finished-at="2021-10-28T04:23:42Z" duration-ms="3430" status="PASS">
          <reporter-output>
          </reporter-output>
        </test-method> <!-- Register_04_Registered_Email -->
        <test-method signature="Register_05_Invalid_Password()[pri:0, instance:com.nopcommerce.user.User_01_Register@fca387]" started-at="2021-10-28T04:23:42Z" name="Register_05_Invalid_Password" finished-at="2021-10-28T04:23:44Z" duration-ms="1523" status="PASS">
          <reporter-output>
          </reporter-output>
        </test-method> <!-- Register_05_Invalid_Password -->
        <test-method signature="Register_06_Invalid_Confirm_Password()[pri:0, instance:com.nopcommerce.user.User_01_Register@fca387]" started-at="2021-10-28T04:23:44Z" name="Register_06_Invalid_Confirm_Password" finished-at="2021-10-28T04:23:45Z" duration-ms="1500" status="PASS">
          <reporter-output>
          </reporter-output>
        </test-method> <!-- Register_06_Invalid_Confirm_Password -->
        <test-method is-config="true" signature="cleanClass(java.lang.String)[pri:0, instance:com.nopcommerce.user.User_01_Register@fca387]" started-at="2021-10-28T04:23:45Z" name="cleanClass" finished-at="2021-10-28T04:23:45Z" duration-ms="287" status="PASS">
          <params>
            <param index="0">
              <value>
                <![CDATA[chrome]]>
              </value>
            </param>
          </params>
          <reporter-output>
          </reporter-output>
        </test-method> <!-- cleanClass -->
      </class> <!-- com.nopcommerce.user.User_01_Register -->
      <class name="com.nopcommerce.user.User_03_My_Account">
        <test-method is-config="true" signature="beforeClass(java.lang.String, java.lang.String)[pri:0, instance:com.nopcommerce.user.User_03_My_Account@3ae0b770]" started-at="2021-10-28T04:23:59Z" name="beforeClass" finished-at="2021-10-28T04:24:06Z" duration-ms="6521" status="PASS">
          <params>
            <param index="0">
              <value>
                <![CDATA[chrome]]>
              </value>
            </param>
            <param index="1">
              <value>
                <![CDATA[https://demo.nopcommerce.com]]>
              </value>
            </param>
          </params>
          <reporter-output>
          </reporter-output>
        </test-method> <!-- beforeClass -->
        <test-method signature="My_Account_01_Customer_Info()[pri:0, instance:com.nopcommerce.user.User_03_My_Account@3ae0b770]" started-at="2021-10-28T04:24:06Z" name="My_Account_01_Customer_Info" finished-at="2021-10-28T04:24:09Z" duration-ms="3892" status="PASS">
          <reporter-output>
          </reporter-output>
        </test-method> <!-- My_Account_01_Customer_Info -->
      </class> <!-- com.nopcommerce.user.User_03_My_Account -->
      <class name="com.nopcommerce.user.User_02_Login">
        <test-method is-config="true" signature="beforeClass(java.lang.String, java.lang.String)[pri:0, instance:com.nopcommerce.user.User_02_Login@10bd9df0]" started-at="2021-10-28T04:23:45Z" name="beforeClass" finished-at="2021-10-28T04:23:49Z" duration-ms="4031" status="PASS">
          <params>
            <param index="0">
              <value>
                <![CDATA[chrome]]>
              </value>
            </param>
            <param index="1">
              <value>
                <![CDATA[https://demo.nopcommerce.com]]>
              </value>
            </param>
          </params>
          <reporter-output>
          </reporter-output>
        </test-method> <!-- beforeClass -->
        <test-method signature="Login_01_Empty_Data()[pri:0, instance:com.nopcommerce.user.User_02_Login@10bd9df0]" started-at="2021-10-28T04:23:49Z" name="Login_01_Empty_Data" finished-at="2021-10-28T04:23:50Z" duration-ms="136" status="PASS">
          <reporter-output>
          </reporter-output>
        </test-method> <!-- Login_01_Empty_Data -->
        <test-method signature="Login_02_Invalid_Email()[pri:0, instance:com.nopcommerce.user.User_02_Login@10bd9df0]" started-at="2021-10-28T04:23:50Z" name="Login_02_Invalid_Email" finished-at="2021-10-28T04:23:50Z" duration-ms="700" status="PASS">
          <reporter-output>
          </reporter-output>
        </test-method> <!-- Login_02_Invalid_Email -->
        <test-method signature="Login_03_Not_Registered_Email()[pri:0, instance:com.nopcommerce.user.User_02_Login@10bd9df0]" started-at="2021-10-28T04:23:50Z" name="Login_03_Not_Registered_Email" finished-at="2021-10-28T04:23:53Z" duration-ms="2606" status="PASS">
          <reporter-output>
          </reporter-output>
        </test-method> <!-- Login_03_Not_Registered_Email -->
        <test-method signature="Login_04_Registered_Email_And_Empty_Password()[pri:0, instance:com.nopcommerce.user.User_02_Login@10bd9df0]" started-at="2021-10-28T04:23:53Z" name="Login_04_Registered_Email_And_Empty_Password" finished-at="2021-10-28T04:23:55Z" duration-ms="1735" status="PASS">
          <reporter-output>
          </reporter-output>
        </test-method> <!-- Login_04_Registered_Email_And_Empty_Password -->
        <test-method signature="Login_05_Registered_Email_And_Error_Password()[pri:0, instance:com.nopcommerce.user.User_02_Login@10bd9df0]" started-at="2021-10-28T04:23:55Z" name="Login_05_Registered_Email_And_Error_Password" finished-at="2021-10-28T04:23:56Z" duration-ms="1806" status="PASS">
          <reporter-output>
          </reporter-output>
        </test-method> <!-- Login_05_Registered_Email_And_Error_Password -->
        <test-method signature="Login_06_Registered_Email_And_Valid_Password()[pri:0, instance:com.nopcommerce.user.User_02_Login@10bd9df0]" started-at="2021-10-28T04:23:56Z" name="Login_06_Registered_Email_And_Valid_Password" finished-at="2021-10-28T04:23:59Z" duration-ms="2380" status="PASS">
          <reporter-output>
          </reporter-output>
        </test-method> <!-- Login_06_Registered_Email_And_Valid_Password -->
        <test-method is-config="true" signature="cleanClass(java.lang.String)[pri:0, instance:com.nopcommerce.user.User_02_Login@10bd9df0]" started-at="2021-10-28T04:23:59Z" name="cleanClass" finished-at="2021-10-28T04:23:59Z" duration-ms="260" status="PASS">
          <params>
            <param index="0">
              <value>
                <![CDATA[chrome]]>
              </value>
            </param>
          </params>
          <reporter-output>
          </reporter-output>
        </test-method> <!-- cleanClass -->
      </class> <!-- com.nopcommerce.user.User_02_Login -->
    </test> <!-- Run on CHROME -->
  </suite> <!-- nopcommerce -->
</testng-results>
